# JRE version: OpenJDK Runtime Environment (8.0_212-b04) (build 1.8.0_212-b04)
# Java VM: OpenJDK 64-Bit Server VM (25.212-b04 mixed mode windows-amd64 compressed oops)
Heap:
 PSYoungGen      total 929792K, used 223696K [0x000000076b500000, 0x00000007b6c00000, 0x00000007c0000000)
  eden space 744448K, 11% used [0x000000076b500000,0x0000000770afc2e0,0x0000000798c00000)
  from space 185344K, 73% used [0x0000000798c00000,0x00000007a1078000,0x00000007a4100000)
  to   space 185856K, 0% used [0x00000007ab680000,0x00000007ab680000,0x00000007b6c00000)
 ParOldGen       total 308224K, used 199482K [0x00000006c1e00000, 0x00000006d4b00000, 0x000000076b500000)
  object space 308224K, 64% used [0x00000006c1e00000,0x00000006ce0cea28,0x00000006d4b00000)
 Metaspace       used 28129K, capacity 28615K, committed 28800K, reserved 1075200K
  class space    used 2979K, capacity 3134K, committed 3200K, reserved 1048576K
GC Heap History (10 events):
Event: 397.686 GC heap before
{Heap before GC invocations=51 (full 4):
 PSYoungGen      total 735744K, used 690592K [0x000000076b500000, 0x00000007a4e00000, 0x00000007c0000000)
  eden space 561664K, 100% used [0x000000076b500000,0x000000078d980000,0x000000078d980000)
  from space 174080K, 74% used [0x0000000798680000,0x00000007a0468000,0x00000007a3080000)
  to   space 177152K, 0% used [0x000000078d980000,0x000000078d980000,0x0000000798680000)
 ParOldGen       total 308224K, used 139530K [0x00000006c1e00000, 0x00000006d4b00000, 0x000000076b500000)
  object space 308224K, 45% used [0x00000006c1e00000,0x00000006ca642a28,0x00000006d4b00000)
 Metaspace       used 28129K, capacity 28615K, committed 28800K, reserved 1075200K
  class space    used 2979K, capacity 3134K, committed 3200K, reserved 1048576K
Event: 398.070 GC heap after
Heap after GC invocations=51 (full 4):
 PSYoungGen      total 738816K, used 132832K [0x000000076b500000, 0x00000007a8f00000, 0x00000007c0000000)
  eden space 561664K, 0% used [0x000000076b500000,0x000000076b500000,0x000000078d980000)
  from space 177152K, 74% used [0x000000078d980000,0x0000000795b38000,0x0000000798680000)
  to   space 180736K, 0% used [0x000000079de80000,0x000000079de80000,0x00000007a8f00000)
 ParOldGen       total 308224K, used 149306K [0x00000006c1e00000, 0x00000006d4b00000, 0x000000076b500000)
  object space 308224K, 48% used [0x00000006c1e00000,0x00000006cafcea28,0x00000006d4b00000)
 Metaspace       used 28129K, capacity 28615K, committed 28800K, reserved 1075200K
  class space    used 2979K, capacity 3134K, committed 3200K, reserved 1048576K
}
Event: 432.460 GC heap before
{Heap before GC invocations=52 (full 4):
 PSYoungGen      total 738816K, used 694496K [0x000000076b500000, 0x00000007a8f00000, 0x00000007c0000000)
  eden space 561664K, 100% used [0x000000076b500000,0x000000078d980000,0x000000078d980000)
  from space 177152K, 74% used [0x000000078d980000,0x0000000795b38000,0x0000000798680000)
  to   space 180736K, 0% used [0x000000079de80000,0x000000079de80000,0x00000007a8f00000)
 ParOldGen       total 308224K, used 149306K [0x00000006c1e00000, 0x00000006d4b00000, 0x000000076b500000)
  object space 308224K, 48% used [0x00000006c1e00000,0x00000006cafcea28,0x00000006d4b00000)
 Metaspace       used 28129K, capacity 28615K, committed 28800K, reserved 1075200K
  class space    used 2979K, capacity 3134K, committed 3200K, reserved 1048576K
Event: 435.246 GC heap after
Heap after GC invocations=52 (full 4):
 PSYoungGen      total 826880K, used 133600K [0x000000076b500000, 0x00000007a9880000, 0x00000007c0000000)
  eden space 646144K, 0% used [0x000000076b500000,0x000000076b500000,0x0000000792c00000)
  from space 180736K, 73% used [0x000000079de80000,0x00000007a60f8000,0x00000007a8f00000)
  to   space 182784K, 0% used [0x0000000792c00000,0x0000000792c00000,0x000000079de80000)
 ParOldGen       total 308224K, used 158730K [0x00000006c1e00000, 0x00000006d4b00000, 0x000000076b500000)
  object space 308224K, 51% used [0x00000006c1e00000,0x00000006cb902a28,0x00000006d4b00000)
 Metaspace       used 28129K, capacity 28615K, committed 28800K, reserved 1075200K
  class space    used 2979K, capacity 3134K, committed 3200K, reserved 1048576K
}
Event: 460.912 GC heap before
{Heap before GC invocations=53 (full 4):
 PSYoungGen      total 826880K, used 779744K [0x000000076b500000, 0x00000007a9880000, 0x00000007c0000000)
  eden space 646144K, 100% used [0x000000076b500000,0x0000000792c00000,0x0000000792c00000)
  from space 180736K, 73% used [0x000000079de80000,0x00000007a60f8000,0x00000007a8f00000)
  to   space 182784K, 0% used [0x0000000792c00000,0x0000000792c00000,0x000000079de80000)
 ParOldGen       total 308224K, used 158730K [0x00000006c1e00000, 0x00000006d4b00000, 0x000000076b500000)
  object space 308224K, 51% used [0x00000006c1e00000,0x00000006cb902a28,0x00000006d4b00000)
 Metaspace       used 28129K, capacity 28615K, committed 28800K, reserved 1075200K
  class space    used 2979K, capacity 3134K, committed 3200K, reserved 1048576K
Event: 461.233 GC heap after
Heap after GC invocations=53 (full 4):
 PSYoungGen      total 828928K, used 132160K [0x000000076b500000, 0x00000007af480000, 0x00000007c0000000)
  eden space 646144K, 0% used [0x000000076b500000,0x000000076b500000,0x0000000792c00000)
  from space 182784K, 72% used [0x0000000792c00000,0x000000079ad10000,0x000000079de80000)
  to   space 183808K, 0% used [0x00000007a4100000,0x00000007a4100000,0x00000007af480000)
 ParOldGen       total 308224K, used 173154K [0x00000006c1e00000, 0x00000006d4b00000, 0x000000076b500000)
  object space 308224K, 56% used [0x00000006c1e00000,0x00000006cc718a28,0x00000006d4b00000)
 Metaspace       used 28129K, capacity 28615K, committed 28800K, reserved 1075200K
  class space    used 2979K, capacity 3134K, committed 3200K, reserved 1048576K
}
Event: 493.313 GC heap before
{Heap before GC invocations=54 (full 4):
 PSYoungGen      total 828928K, used 778304K [0x000000076b500000, 0x00000007af480000, 0x00000007c0000000)
  eden space 646144K, 100% used [0x000000076b500000,0x0000000792c00000,0x0000000792c00000)
  from space 182784K, 72% used [0x0000000792c00000,0x000000079ad10000,0x000000079de80000)
  to   space 183808K, 0% used [0x00000007a4100000,0x00000007a4100000,0x00000007af480000)
 ParOldGen       total 308224K, used 173154K [0x00000006c1e00000, 0x00000006d4b00000, 0x000000076b500000)
  object space 308224K, 56% used [0x00000006c1e00000,0x00000006cc718a28,0x00000006d4b00000)
 Metaspace       used 28129K, capacity 28615K, committed 28800K, reserved 1075200K
  class space    used 2979K, capacity 3134K, committed 3200K, reserved 1048576K
Event: 495.019 GC heap after
Heap after GC invocations=54 (full 4):
 PSYoungGen      total 928256K, used 134496K [0x000000076b500000, 0x00000007afa00000, 0x00000007c0000000)
  eden space 744448K, 0% used [0x000000076b500000,0x000000076b500000,0x0000000798c00000)
  from space 183808K, 73% used [0x00000007a4100000,0x00000007ac458000,0x00000007af480000)
  to   space 185344K, 0% used [0x0000000798c00000,0x0000000798c00000,0x00000007a4100000)
 ParOldGen       total 308224K, used 185274K [0x00000006c1e00000, 0x00000006d4b00000, 0x000000076b500000)
  object space 308224K, 60% used [0x00000006c1e00000,0x00000006cd2eea28,0x00000006d4b00000)
 Metaspace       used 28129K, capacity 28615K, committed 28800K, reserved 1075200K
  class space    used 2979K, capacity 3134K, committed 3200K, reserved 1048576K
}
Event: 528.946 GC heap before
{Heap before GC invocations=55 (full 4):
 PSYoungGen      total 928256K, used 878944K [0x000000076b500000, 0x00000007afa00000, 0x00000007c0000000)
  eden space 744448K, 100% used [0x000000076b500000,0x0000000798c00000,0x0000000798c00000)
  from space 183808K, 73% used [0x00000007a4100000,0x00000007ac458000,0x00000007af480000)
  to   space 185344K, 0% used [0x0000000798c00000,0x0000000798c00000,0x00000007a4100000)
 ParOldGen       total 308224K, used 185274K [0x00000006c1e00000, 0x00000006d4b00000, 0x000000076b500000)
  object space 308224K, 60% used [0x00000006c1e00000,0x00000006cd2eea28,0x00000006d4b00000)
 Metaspace       used 28129K, capacity 28615K, committed 28800K, reserved 1075200K
  class space    used 2979K, capacity 3134K, committed 3200K, reserved 1048576K
Event: 532.039 GC heap after
Heap after GC invocations=55 (full 4):
 PSYoungGen      total 929792K, used 135648K [0x000000076b500000, 0x00000007b6c00000, 0x00000007c0000000)
  eden space 744448K, 0% used [0x000000076b500000,0x000000076b500000,0x0000000798c00000)
  from space 185344K, 73% used [0x0000000798c00000,0x00000007a1078000,0x00000007a4100000)
  to   space 185856K, 0% used [0x00000007ab680000,0x00000007ab680000,0x00000007b6c00000)
 ParOldGen       total 308224K, used 199482K [0x00000006c1e00000, 0x00000006d4b00000, 0x000000076b500000)
  object space 308224K, 64% used [0x00000006c1e00000,0x00000006ce0cea28,0x00000006d4b00000)
 Metaspace       used 28129K, capacity 28615K, committed 28800K, reserved 1075200K
  class space    used 2979K, capacity 3134K, committed 3200K, reserved 1048576K
}

