# JRE version: OpenJDK Runtime Environment (8.0_212-b04) (build 1.8.0_212-b04)
# Java VM: OpenJDK 64-Bit Server VM (25.212-b04 mixed mode windows-amd64 compressed oops)
Heap:
 PSYoungGen      total 418816K, used 211432K [0x000000076b500000, 0x000000078bc80000, 0x00000007c0000000)
  eden space 351744K, 41% used [0x000000076b500000,0x00000007741fafb8,0x0000000780c80000)
  from space 67072K, 99% used [0x0000000780c80000,0x0000000784dff420,0x0000000784e00000)
  to   space 77824K, 0% used [0x0000000787080000,0x0000000787080000,0x000000078bc80000)
 ParOldGen       total 113664K, used 29376K [0x00000006c1e00000, 0x00000006c8d00000, 0x000000076b500000)
  object space 113664K, 25% used [0x00000006c1e00000,0x00000006c3ab0110,0x00000006c8d00000)
 Metaspace       used 30313K, capacity 30849K, committed 31104K, reserved 1077248K
  class space    used 3229K, capacity 3371K, committed 3456K, reserved 1048576K
GC Heap History (10 events):
Event: 137.534 GC heap before
{Heap before GC invocations=28 (full 3):
 PSYoungGen      total 356352K, used 343187K [0x000000076b500000, 0x0000000783a00000, 0x00000007c0000000)
  eden space 315904K, 100% used [0x000000076b500000,0x000000077e980000,0x000000077e980000)
  from space 40448K, 67% used [0x0000000781180000,0x0000000782c24f90,0x0000000783900000)
  to   space 40960K, 0% used [0x000000077e980000,0x000000077e980000,0x0000000781180000)
 ParOldGen       total 113664K, used 21816K [0x00000006c1e00000, 0x00000006c8d00000, 0x000000076b500000)
  object space 113664K, 19% used [0x00000006c1e00000,0x00000006c334e110,0x00000006c8d00000)
 Metaspace       used 30271K, capacity 30779K, committed 31104K, reserved 1077248K
  class space    used 3224K, capacity 3370K, committed 3456K, reserved 1048576K
Event: 137.596 GC heap after
Heap after GC invocations=28 (full 3):
 PSYoungGen      total 356864K, used 37491K [0x000000076b500000, 0x0000000785c80000, 0x00000007c0000000)
  eden space 315904K, 0% used [0x000000076b500000,0x000000076b500000,0x000000077e980000)
  from space 40960K, 91% used [0x000000077e980000,0x0000000780e1cfa0,0x0000000781180000)
  to   space 45056K, 0% used [0x0000000783080000,0x0000000783080000,0x0000000785c80000)
 ParOldGen       total 113664K, used 21848K [0x00000006c1e00000, 0x00000006c8d00000, 0x000000076b500000)
  object space 113664K, 19% used [0x00000006c1e00000,0x00000006c3356110,0x00000006c8d00000)
 Metaspace       used 30271K, capacity 30779K, committed 31104K, reserved 1077248K
  class space    used 3224K, capacity 3370K, committed 3456K, reserved 1048576K
}
Event: 145.019 GC heap before
{Heap before GC invocations=29 (full 3):
 PSYoungGen      total 356864K, used 353395K [0x000000076b500000, 0x0000000785c80000, 0x00000007c0000000)
  eden space 315904K, 100% used [0x000000076b500000,0x000000077e980000,0x000000077e980000)
  from space 40960K, 91% used [0x000000077e980000,0x0000000780e1cfa0,0x0000000781180000)
  to   space 45056K, 0% used [0x0000000783080000,0x0000000783080000,0x0000000785c80000)
 ParOldGen       total 113664K, used 21848K [0x00000006c1e00000, 0x00000006c8d00000, 0x000000076b500000)
  object space 113664K, 19% used [0x00000006c1e00000,0x00000006c3356110,0x00000006c8d00000)
 Metaspace       used 30271K, capacity 30779K, committed 31104K, reserved 1077248K
  class space    used 3224K, capacity 3370K, committed 3456K, reserved 1048576K
Event: 145.080 GC heap after
Heap after GC invocations=29 (full 3):
 PSYoungGen      total 381952K, used 45036K [0x000000076b500000, 0x0000000786a80000, 0x00000007c0000000)
  eden space 336896K, 0% used [0x000000076b500000,0x000000076b500000,0x000000077fe00000)
  from space 45056K, 99% used [0x0000000783080000,0x0000000785c7b0b0,0x0000000785c80000)
  to   space 51712K, 0% used [0x000000077fe00000,0x000000077fe00000,0x0000000783080000)
 ParOldGen       total 113664K, used 23688K [0x00000006c1e00000, 0x00000006c8d00000, 0x000000076b500000)
  object space 113664K, 20% used [0x00000006c1e00000,0x00000006c3522110,0x00000006c8d00000)
 Metaspace       used 30271K, capacity 30779K, committed 31104K, reserved 1077248K
  class space    used 3224K, capacity 3370K, committed 3456K, reserved 1048576K
}
Event: 152.197 GC heap before
{Heap before GC invocations=30 (full 3):
 PSYoungGen      total 381952K, used 381932K [0x000000076b500000, 0x0000000786a80000, 0x00000007c0000000)
  eden space 336896K, 100% used [0x000000076b500000,0x000000077fe00000,0x000000077fe00000)
  from space 45056K, 99% used [0x0000000783080000,0x0000000785c7b0b0,0x0000000785c80000)
  to   space 51712K, 0% used [0x000000077fe00000,0x000000077fe00000,0x0000000783080000)
 ParOldGen       total 113664K, used 23688K [0x00000006c1e00000, 0x00000006c8d00000, 0x000000076b500000)
  object space 113664K, 20% used [0x00000006c1e00000,0x00000006c3522110,0x00000006c8d00000)
 Metaspace       used 30271K, capacity 30779K, committed 31104K, reserved 1077248K
  class space    used 3224K, capacity 3370K, committed 3456K, reserved 1048576K
Event: 152.257 GC heap after
Heap after GC invocations=30 (full 3):
 PSYoungGen      total 388608K, used 51303K [0x000000076b500000, 0x0000000788700000, 0x00000007c0000000)
  eden space 336896K, 0% used [0x000000076b500000,0x000000076b500000,0x000000077fe00000)
  from space 51712K, 99% used [0x000000077fe00000,0x0000000783019c48,0x0000000783080000)
  to   space 58368K, 0% used [0x0000000784e00000,0x0000000784e00000,0x0000000788700000)
 ParOldGen       total 113664K, used 25896K [0x00000006c1e00000, 0x00000006c8d00000, 0x000000076b500000)
  object space 113664K, 22% used [0x00000006c1e00000,0x00000006c374a110,0x00000006c8d00000)
 Metaspace       used 30271K, capacity 30779K, committed 31104K, reserved 1077248K
  class space    used 3224K, capacity 3370K, committed 3456K, reserved 1048576K
}
Event: 160.355 GC heap before
{Heap before GC invocations=31 (full 3):
 PSYoungGen      total 388608K, used 388199K [0x000000076b500000, 0x0000000788700000, 0x00000007c0000000)
  eden space 336896K, 100% used [0x000000076b500000,0x000000077fe00000,0x000000077fe00000)
  from space 51712K, 99% used [0x000000077fe00000,0x0000000783019c48,0x0000000783080000)
  to   space 58368K, 0% used [0x0000000784e00000,0x0000000784e00000,0x0000000788700000)
 ParOldGen       total 113664K, used 25896K [0x00000006c1e00000, 0x00000006c8d00000, 0x000000076b500000)
  object space 113664K, 22% used [0x00000006c1e00000,0x00000006c374a110,0x00000006c8d00000)
 Metaspace       used 30271K, capacity 30779K, committed 31104K, reserved 1077248K
  class space    used 3224K, capacity 3370K, committed 3456K, reserved 1048576K
Event: 160.446 GC heap after
Heap after GC invocations=31 (full 3):
 PSYoungGen      total 410112K, used 58355K [0x000000076b500000, 0x0000000789a00000, 0x00000007c0000000)
  eden space 351744K, 0% used [0x000000076b500000,0x000000076b500000,0x0000000780c80000)
  from space 58368K, 99% used [0x0000000784e00000,0x00000007886fcfa0,0x0000000788700000)
  to   space 67072K, 0% used [0x0000000780c80000,0x0000000780c80000,0x0000000784e00000)
 ParOldGen       total 113664K, used 27192K [0x00000006c1e00000, 0x00000006c8d00000, 0x000000076b500000)
  object space 113664K, 23% used [0x00000006c1e00000,0x00000006c388e110,0x00000006c8d00000)
 Metaspace       used 30271K, capacity 30779K, committed 31104K, reserved 1077248K
  class space    used 3224K, capacity 3370K, committed 3456K, reserved 1048576K
}
Event: 177.604 GC heap before
{Heap before GC invocations=32 (full 3):
 PSYoungGen      total 410112K, used 410099K [0x000000076b500000, 0x0000000789a00000, 0x00000007c0000000)
  eden space 351744K, 100% used [0x000000076b500000,0x0000000780c80000,0x0000000780c80000)
  from space 58368K, 99% used [0x0000000784e00000,0x00000007886fcfa0,0x0000000788700000)
  to   space 67072K, 0% used [0x0000000780c80000,0x0000000780c80000,0x0000000784e00000)
 ParOldGen       total 113664K, used 27192K [0x00000006c1e00000, 0x00000006c8d00000, 0x000000076b500000)
  object space 113664K, 23% used [0x00000006c1e00000,0x00000006c388e110,0x00000006c8d00000)
 Metaspace       used 30283K, capacity 30779K, committed 31104K, reserved 1077248K
  class space    used 3224K, capacity 3370K, committed 3456K, reserved 1048576K
Event: 177.687 GC heap after
Heap after GC invocations=32 (full 3):
 PSYoungGen      total 418816K, used 67069K [0x000000076b500000, 0x000000078bc80000, 0x00000007c0000000)
  eden space 351744K, 0% used [0x000000076b500000,0x000000076b500000,0x0000000780c80000)
  from space 67072K, 99% used [0x0000000780c80000,0x0000000784dff420,0x0000000784e00000)
  to   space 77824K, 0% used [0x0000000787080000,0x0000000787080000,0x000000078bc80000)
 ParOldGen       total 113664K, used 29376K [0x00000006c1e00000, 0x00000006c8d00000, 0x000000076b500000)
  object space 113664K, 25% used [0x00000006c1e00000,0x00000006c3ab0110,0x00000006c8d00000)
 Metaspace       used 30283K, capacity 30779K, committed 31104K, reserved 1077248K
  class space    used 3224K, capacity 3370K, committed 3456K, reserved 1048576K
}

