# JRE version: OpenJDK Runtime Environment (8.0_212-b04) (build 1.8.0_212-b04)
# Java VM: OpenJDK 64-Bit Server VM (25.212-b04 mixed mode windows-amd64 compressed oops)
Heap:
 PSYoungGen      total 1160704K, used 416998K [0x000000076b500000, 0x00000007bcb00000, 0x00000007c0000000)
  eden space 1000448K, 29% used [0x000000076b500000,0x000000077da198a8,0x00000007a8600000)
  from space 160256K, 72% used [0x00000007b2080000,0x00000007b92a0000,0x00000007bbd00000)
  to   space 158208K, 0% used [0x00000007a8600000,0x00000007a8600000,0x00000007b2080000)
 ParOldGen       total 340480K, used 232465K [0x00000006c1e00000, 0x00000006d6a80000, 0x000000076b500000)
  object space 340480K, 68% used [0x00000006c1e00000,0x00000006d01046d0,0x00000006d6a80000)
 Metaspace       used 27299K, capacity 27803K, committed 27904K, reserved 1075200K
  class space    used 2883K, capacity 3036K, committed 3072K, reserved 1048576K
GC Heap History (10 events):
Event: 571.159 GC heap before
{Heap before GC invocations=68 (full 4):
 PSYoungGen      total 859136K, used 823648K [0x000000076b500000, 0x00000007afa00000, 0x00000007c0000000)
  eden space 700416K, 100% used [0x000000076b500000,0x0000000796100000,0x0000000796100000)
  from space 158720K, 77% used [0x0000000796100000,0x000000079d958000,0x000000079fc00000)
  to   space 161280K, 0% used [0x00000007a5c80000,0x00000007a5c80000,0x00000007afa00000)
 ParOldGen       total 340480K, used 172449K [0x00000006c1e00000, 0x00000006d6a80000, 0x000000076b500000)
  object space 340480K, 50% used [0x00000006c1e00000,0x00000006cc6686d0,0x00000006d6a80000)
 Metaspace       used 27299K, capacity 27803K, committed 27904K, reserved 1075200K
  class space    used 2883K, capacity 3036K, committed 3072K, reserved 1048576K
Event: 572.855 GC heap after
Heap after GC invocations=68 (full 4):
 PSYoungGen      total 957440K, used 120192K [0x000000076b500000, 0x00000007afb00000, 0x00000007c0000000)
  eden space 796160K, 0% used [0x000000076b500000,0x000000076b500000,0x000000079be80000)
  from space 161280K, 74% used [0x00000007a5c80000,0x00000007ad1e0000,0x00000007afa00000)
  to   space 161792K, 0% used [0x000000079be80000,0x000000079be80000,0x00000007a5c80000)
 ParOldGen       total 340480K, used 182409K [0x00000006c1e00000, 0x00000006d6a80000, 0x000000076b500000)
  object space 340480K, 53% used [0x00000006c1e00000,0x00000006cd0226d0,0x00000006d6a80000)
 Metaspace       used 27299K, capacity 27803K, committed 27904K, reserved 1075200K
  class space    used 2883K, capacity 3036K, committed 3072K, reserved 1048576K
}
Event: 596.294 GC heap before
{Heap before GC invocations=69 (full 4):
 PSYoungGen      total 957440K, used 916352K [0x000000076b500000, 0x00000007afb00000, 0x00000007c0000000)
  eden space 796160K, 100% used [0x000000076b500000,0x000000079be80000,0x000000079be80000)
  from space 161280K, 74% used [0x00000007a5c80000,0x00000007ad1e0000,0x00000007afa00000)
  to   space 161792K, 0% used [0x000000079be80000,0x000000079be80000,0x00000007a5c80000)
 ParOldGen       total 340480K, used 182409K [0x00000006c1e00000, 0x00000006d6a80000, 0x000000076b500000)
  object space 340480K, 53% used [0x00000006c1e00000,0x00000006cd0226d0,0x00000006d6a80000)
 Metaspace       used 27299K, capacity 27803K, committed 27904K, reserved 1075200K
  class space    used 2883K, capacity 3036K, committed 3072K, reserved 1048576K
Event: 596.644 GC heap after
Heap after GC invocations=69 (full 4):
 PSYoungGen      total 957952K, used 118368K [0x000000076b500000, 0x00000007b5e80000, 0x00000007c0000000)
  eden space 796160K, 0% used [0x000000076b500000,0x000000076b500000,0x000000079be80000)
  from space 161792K, 73% used [0x000000079be80000,0x00000007a3218000,0x00000007a5c80000)
  to   space 161280K, 0% used [0x00000007ac100000,0x00000007ac100000,0x00000007b5e80000)
 ParOldGen       total 340480K, used 196217K [0x00000006c1e00000, 0x00000006d6a80000, 0x000000076b500000)
  object space 340480K, 57% used [0x00000006c1e00000,0x00000006cdd9e6d0,0x00000006d6a80000)
 Metaspace       used 27299K, capacity 27803K, committed 27904K, reserved 1075200K
  class space    used 2883K, capacity 3036K, committed 3072K, reserved 1048576K
}
Event: 621.057 GC heap before
{Heap before GC invocations=70 (full 4):
 PSYoungGen      total 957952K, used 914528K [0x000000076b500000, 0x00000007b5e80000, 0x00000007c0000000)
  eden space 796160K, 100% used [0x000000076b500000,0x000000079be80000,0x000000079be80000)
  from space 161792K, 73% used [0x000000079be80000,0x00000007a3218000,0x00000007a5c80000)
  to   space 161280K, 0% used [0x00000007ac100000,0x00000007ac100000,0x00000007b5e80000)
 ParOldGen       total 340480K, used 196217K [0x00000006c1e00000, 0x00000006d6a80000, 0x000000076b500000)
  object space 340480K, 57% used [0x00000006c1e00000,0x00000006cdd9e6d0,0x00000006d6a80000)
 Metaspace       used 27299K, capacity 27803K, committed 27904K, reserved 1075200K
  class space    used 2883K, capacity 3036K, committed 3072K, reserved 1048576K
Event: 621.487 GC heap after
Heap after GC invocations=70 (full 4):
 PSYoungGen      total 1049600K, used 117888K [0x000000076b500000, 0x00000007b5800000, 0x00000007c0000000)
  eden space 894976K, 0% used [0x000000076b500000,0x000000076b500000,0x00000007a1f00000)
  from space 154624K, 76% used [0x00000007ac100000,0x00000007b3420000,0x00000007b5800000)
  to   space 160256K, 0% used [0x00000007a1f00000,0x00000007a1f00000,0x00000007abb80000)
 ParOldGen       total 340480K, used 205401K [0x00000006c1e00000, 0x00000006d6a80000, 0x000000076b500000)
  object space 340480K, 60% used [0x00000006c1e00000,0x00000006ce6966d0,0x00000006d6a80000)
 Metaspace       used 27299K, capacity 27803K, committed 27904K, reserved 1075200K
  class space    used 2883K, capacity 3036K, committed 3072K, reserved 1048576K
}
Event: 659.609 GC heap before
{Heap before GC invocations=71 (full 4):
 PSYoungGen      total 1049600K, used 1012864K [0x000000076b500000, 0x00000007b5800000, 0x00000007c0000000)
  eden space 894976K, 100% used [0x000000076b500000,0x00000007a1f00000,0x00000007a1f00000)
  from space 154624K, 76% used [0x00000007ac100000,0x00000007b3420000,0x00000007b5800000)
  to   space 160256K, 0% used [0x00000007a1f00000,0x00000007a1f00000,0x00000007abb80000)
 ParOldGen       total 340480K, used 205401K [0x00000006c1e00000, 0x00000006d6a80000, 0x000000076b500000)
  object space 340480K, 60% used [0x00000006c1e00000,0x00000006ce6966d0,0x00000006d6a80000)
 Metaspace       used 27299K, capacity 27803K, committed 27904K, reserved 1075200K
  class space    used 2883K, capacity 3036K, committed 3072K, reserved 1048576K
Event: 659.993 GC heap after
Heap after GC invocations=71 (full 4):
 PSYoungGen      total 1055232K, used 121056K [0x000000076b500000, 0x00000007bbd00000, 0x00000007c0000000)
  eden space 894976K, 0% used [0x000000076b500000,0x000000076b500000,0x00000007a1f00000)
  from space 160256K, 75% used [0x00000007a1f00000,0x00000007a9538000,0x00000007abb80000)
  to   space 160256K, 0% used [0x00000007b2080000,0x00000007b2080000,0x00000007bbd00000)
 ParOldGen       total 340480K, used 218009K [0x00000006c1e00000, 0x00000006d6a80000, 0x000000076b500000)
  object space 340480K, 64% used [0x00000006c1e00000,0x00000006cf2e66d0,0x00000006d6a80000)
 Metaspace       used 27299K, capacity 27803K, committed 27904K, reserved 1075200K
  class space    used 2883K, capacity 3036K, committed 3072K, reserved 1048576K
}
Event: 708.859 GC heap before
{Heap before GC invocations=72 (full 4):
 PSYoungGen      total 1055232K, used 1016032K [0x000000076b500000, 0x00000007bbd00000, 0x00000007c0000000)
  eden space 894976K, 100% used [0x000000076b500000,0x00000007a1f00000,0x00000007a1f00000)
  from space 160256K, 75% used [0x00000007a1f00000,0x00000007a9538000,0x00000007abb80000)
  to   space 160256K, 0% used [0x00000007b2080000,0x00000007b2080000,0x00000007bbd00000)
 ParOldGen       total 340480K, used 218009K [0x00000006c1e00000, 0x00000006d6a80000, 0x000000076b500000)
  object space 340480K, 64% used [0x00000006c1e00000,0x00000006cf2e66d0,0x00000006d6a80000)
 Metaspace       used 27299K, capacity 27803K, committed 27904K, reserved 1075200K
  class space    used 2883K, capacity 3036K, committed 3072K, reserved 1048576K
Event: 712.951 GC heap after
Heap after GC invocations=72 (full 4):
 PSYoungGen      total 1160704K, used 116864K [0x000000076b500000, 0x00000007bcb00000, 0x00000007c0000000)
  eden space 1000448K, 0% used [0x000000076b500000,0x000000076b500000,0x00000007a8600000)
  from space 160256K, 72% used [0x00000007b2080000,0x00000007b92a0000,0x00000007bbd00000)
  to   space 158208K, 0% used [0x00000007a8600000,0x00000007a8600000,0x00000007b2080000)
 ParOldGen       total 340480K, used 232465K [0x00000006c1e00000, 0x00000006d6a80000, 0x000000076b500000)
  object space 340480K, 68% used [0x00000006c1e00000,0x00000006d01046d0,0x00000006d6a80000)
 Metaspace       used 27299K, capacity 27803K, committed 27904K, reserved 1075200K
  class space    used 2883K, capacity 3036K, committed 3072K, reserved 1048576K
}

